[2025-11-08 18:16:55Z INFO HostContext] No proxy settings were found based on environmental variables (http_proxy/https_proxy/HTTP_PROXY/HTTPS_PROXY)
[2025-11-08 18:16:55Z INFO HostContext] Well known directory 'Bin': 'C:\Users\sapph\OneDrive\Documents\cs105\CSD\actions-runner\bin'
[2025-11-08 18:16:55Z INFO HostContext] Well known directory 'Root': 'C:\Users\sapph\OneDrive\Documents\cs105\CSD\actions-runner'
[2025-11-08 18:16:55Z INFO HostContext] Well known config file 'Credentials': 'C:\Users\sapph\OneDrive\Documents\cs105\CSD\actions-runner\.credentials'
[2025-11-08 18:16:56Z INFO HostContext] Well known directory 'Bin': 'C:\Users\sapph\OneDrive\Documents\cs105\CSD\actions-runner\bin'
[2025-11-08 18:16:56Z INFO HostContext] Well known directory 'Root': 'C:\Users\sapph\OneDrive\Documents\cs105\CSD\actions-runner'
[2025-11-08 18:16:56Z INFO HostContext] Well known config file 'Runner': 'C:\Users\sapph\OneDrive\Documents\cs105\CSD\actions-runner\.runner'
[2025-11-08 18:16:56Z INFO Worker] Version: 2.329.0
[2025-11-08 18:16:56Z INFO Worker] Commit: c76c59996c8fa32e989164a5a695efb12608ae5a
[2025-11-08 18:16:56Z INFO Worker] Culture: en-SG
[2025-11-08 18:16:56Z INFO Worker] UI Culture: en-US
[2025-11-08 18:16:56Z INFO Worker] Waiting to receive the job message from the channel.
[2025-11-08 18:16:56Z INFO ProcessChannel] Receiving message of length 31677, with hash '841406e98cbac79db18e781be6a87cacec5f1f111c92844c8935b551a6d1c470'
[2025-11-08 18:16:56Z INFO Worker] Message received.
[2025-11-08 18:16:57Z INFO Worker] Job message:
 {
  "fileTable": [
    ".github/workflows/cd.yml"
  ],
  "mask": [
    {
      "type": "regex",
      "value": "***"
    },
    {
      "type": "regex",
      "value": "***"
    },
    {
      "type": "regex",
      "value": "***"
    },
    {
      "type": "regex",
      "value": "***"
    },
    {
      "type": "regex",
      "value": "***"
    },
    {
      "type": "regex",
      "value": "***"
    },
    {
      "type": "regex",
      "value": "***"
    },
    {
      "type": "regex",
      "value": "***"
    },
    {
      "type": "regex",
      "value": "***"
    },
    {
      "type": "regex",
      "value": "***"
    },
    {
      "type": "regex",
      "value": "***"
    },
    {
      "type": "regex",
      "value": "***"
    },
    {
      "type": "regex",
      "value": "***"
    },
    {
      "type": "regex",
      "value": "***"
    },
    {
      "type": "regex",
      "value": "***"
    },
    {
      "type": "regex",
      "value": "***"
    },
    {
      "type": "regex",
      "value": "***"
    },
    {
      "type": "regex",
      "value": "***"
    }
  ],
  "steps": [
    {
      "type": "action",
      "reference": {
        "type": "repository",
        "name": "actions/checkout",
        "ref": "v4",
        "repositoryType": "GitHub"
      },
      "displayNameToken": {
        "type": 0,
        "file": 1,
        "line": 13,
        "col": 15,
        "lit": "Checkout repository"
      },
      "contextName": "__actions_checkout",
      "condition": "success()",
      "id": "3f2d2422-46b2-4698-979e-839be8b4e075",
      "name": "__actions_checkout"
    },
    {
      "type": "action",
      "reference": {
        "type": "repository",
        "name": "docker/login-action",
        "ref": "v3",
        "repositoryType": "GitHub"
      },
      "displayNameToken": {
        "type": 0,
        "file": 1,
        "line": 16,
        "col": 15,
        "lit": "Login to Docker Hub"
      },
      "contextName": "__docker_login-action",
      "inputs": {
        "type": 2,
        "file": 1,
        "line": 19,
        "col": 11,
        "map": [
          {
            "key": {
              "type": 0,
              "file": 1,
              "line": 19,
              "col": 11,
              "lit": "username"
            },
            "value": {
              "type": 3,
              "file": 1,
              "line": 19,
              "col": 21,
              "expr": "secrets.DOCKER_USERNAME"
            }
          },
          {
            "key": {
              "type": 0,
              "file": 1,
              "line": 20,
              "col": 11,
              "lit": "password"
            },
            "value": {
              "type": 3,
              "file": 1,
              "line": 20,
              "col": 21,
              "expr": "secrets.DOCKER_PASSWORD"
            }
          }
        ]
      },
      "condition": "success()",
      "id": "4c12ec2a-75ea-4067-8763-209dca050da3",
      "name": "__docker_login-action"
    },
    {
      "type": "action",
      "reference": {
        "type": "script"
      },
      "displayNameToken": {
        "type": 0,
        "file": 1,
        "line": 22,
        "col": 15,
        "lit": "Pull latest backend image"
      },
      "contextName": "__run",
      "inputs": {
        "type": 2,
        "map": [
          {
            "key": "script",
            "value": {
              "type": 3,
              "file": 1,
              "line": 23,
              "col": 14,
              "expr": "format('docker pull {0}/tariffic-backend:latest\n', secrets.DOCKER_USERNAME)"
            }
          }
        ]
      },
      "condition": "success()",
      "id": "06e3d5f7-3825-486a-834d-f3276dc2af46",
      "name": "__run"
    },
    {
      "type": "action",
      "reference": {
        "type": "script"
      },
      "displayNameToken": {
        "type": 0,
        "file": 1,
        "line": 26,
        "col": 15,
        "lit": "Stop and remove backend container"
      },
      "contextName": "__run_2",
      "inputs": {
        "type": 2,
        "map": [
          {
            "key": "script",
            "value": {
              "type": 0,
              "file": 1,
              "line": 27,
              "col": 14,
              "lit": "docker-compose stop backend\ndocker-compose rm -f backend\n"
            }
          }
        ]
      },
      "condition": "success()",
      "id": "623693e4-1f9c-4707-8752-02889b5f6560",
      "name": "__run_2"
    },
    {
      "type": "action",
      "reference": {
        "type": "script"
      },
      "displayNameToken": {
        "type": 0,
        "file": 1,
        "line": 31,
        "col": 15,
        "lit": "Deploy backend only"
      },
      "contextName": "__run_3",
      "inputs": {
        "type": 2,
        "map": [
          {
            "key": "script",
            "value": {
              "type": 0,
              "file": 1,
              "line": 32,
              "col": 14,
              "lit": "docker-compose up -d backend\n"
            }
          }
        ]
      },
      "condition": "success()",
      "id": "851dc623-250c-43de-92cd-b888d6c25bec",
      "name": "__run_3"
    }
  ],
  "variables": {
    "Actions.EnableHttpRedirects": {
      "value": "true"
    },
    "DOCKER_PASSWORD": {
      "value": "***",
      "isSecret": true
    },
    "DOCKER_USERNAME": {
      "value": "***",
      "isSecret": true
    },
    "DistributedTask.AddWarningToNode12Action": {
      "value": "true"
    },
    "DistributedTask.AddWarningToNode16Action": {
      "value": "true"
    },
    "DistributedTask.AllowRunnerContainerHooks": {
      "value": "true"
    },
    "DistributedTask.DeprecateStepOutputCommands": {
      "value": "true"
    },
    "DistributedTask.DetailUntarFailure": {
      "value": "true"
    },
    "DistributedTask.EnableCompositeActions": {
      "value": "true"
    },
    "DistributedTask.EnableJobServerQueueTelemetry": {
      "value": "true"
    },
    "DistributedTask.EnhancedAnnotations": {
      "value": "true"
    },
    "DistributedTask.ForceGithubJavascriptActionsToNode16": {
      "value": "true"
    },
    "DistributedTask.ForceGithubJavascriptActionsToNode20": {
      "value": "true"
    },
    "DistributedTask.LogTemplateErrorsAsDebugMessages": {
      "value": "true"
    },
    "DistributedTask.MarkJobAsFailedOnWorkerCrash": {
      "value": "true"
    },
    "DistributedTask.NewActionMetadata": {
      "value": "true"
    },
    "DistributedTask.UploadStepSummary": {
      "value": "true"
    },
    "DistributedTask.UseActionArchiveCache": {
      "value": "true"
    },
    "DistributedTask.UseWhich2": {
      "value": "true"
    },
    "RunService.FixEmbeddedIssues": {
      "value": "true"
    },
    "actions_add_check_run_id_to_job_context": {
      "value": "true"
    },
    "actions_container_action_runner_temp": {
      "value": "false"
    },
    "actions_display_helpful_actions_download_errors": {
      "value": "true"
    },
    "actions_skip_retry_complete_job_upon_known_errors": {
      "value": "true"
    },
    "actions_uses_cache_service_v2": {
      "value": "true"
    },
    "github_token": {
      "value": "***",
      "isSecret": true
    },
    "system.from_run_service": {
      "value": "true"
    },
    "system.github.job": {
      "value": "deploy"
    },
    "system.github.launch_endpoint": {
      "value": "https://launch.actions.githubusercontent.com"
    },
    "system.github.results_endpoint": {
      "value": "https://results-receiver.actions.githubusercontent.com/"
    },
    "system.github.results_upload_with_sdk": {
      "value": "true"
    },
    "system.github.token": {
      "value": "***",
      "isSecret": true
    },
    "system.github.token.permissions": {
      "value": "{\"Contents\":\"read\",\"Metadata\":\"read\",\"Packages\":\"read\"}"
    },
    "system.orchestrationId": {
      "value": "2b72775e-91f9-4a25-8c35-7283775840f6.deploy.__default"
    },
    "system.phaseDisplayName": {
      "value": "deploy"
    },
    "system.runner.lowdiskspacethreshold": {
      "value": "100"
    },
    "system.runnerEnvironment": {
      "value": "self-hosted"
    },
    "system.runnerGroupName": {
      "value": "Default"
    }
  },
  "messageType": "RunnerJobRequest",
  "plan": {
    "scopeIdentifier": "00000000-0000-0000-0000-000000000000",
    "planType": "actions",
    "version": 0,
    "planId": "2b72775e-91f9-4a25-8c35-7283775840f6",
    "planGroup": null,
    "artifactUri": null,
    "artifactLocation": null,
    "definition": null,
    "owner": null
  },
  "timeline": {
    "id": "2b72775e-91f9-4a25-8c35-7283775840f6",
    "changeId": 0,
    "location": null
  },
  "jobId": "78892c74-f488-5a9b-8173-b671d86d4e3c",
  "jobDisplayName": "deploy",
  "jobName": "__default",
  "requestId": 0,
  "lockedUntil": "0001-01-01T00:00:00",
  "resources": {
    "endpoints": [
      {
        "data": {
          "ServerId": "",
          "ServerName": "",
          "CacheServerUrl": "https://artifactcache.actions.githubusercontent.com/hPy1ZmbybnIOBDbdfKG7EPHeTTjN7LZ3uhYoWbyPjJMdzTFBRq/",
          "FeedStreamUrl": "wss://results-receiver.actions.githubusercontent.com/_ws/ingest.sock",
          "ResultsServiceUrl": "https://results-receiver.actions.githubusercontent.com/",
          "PipelinesServiceUrl": "https://pipelinesghubeus6.actions.githubusercontent.com/hPy1ZmbybnIOBDbdfKG7EPHeTTjN7LZ3uhYoWbyPjJMdzTFBRq/",
          "GenerateIdTokenUrl": ""
        },
        "name": "SystemVssConnection",
        "url": "https://run-actions-3-azure-eastus.actions.githubusercontent.com/102/",
        "authorization": {
          "parameters": {
            "AccessToken": "***"
          },
          "scheme": "OAuth"
        },
        "isShared": false,
        "isReady": true
      }
    ]
  },
  "contextData": {
    "github": {
      "t": 2,
      "d": [
        {
          "k": "ref",
          "v": "refs/heads/main"
        },
        {
          "k": "sha",
          "v": "170e6d73778f803792c232f562d5077a569fa478"
        },
        {
          "k": "repository",
          "v": "xy-050/CSD"
        },
        {
          "k": "repository_owner",
          "v": "xy-050"
        },
        {
          "k": "repository_owner_id",
          "v": "183346137"
        },
        {
          "k": "repositoryUrl",
          "v": "git://github.com/xy-050/CSD.git"
        },
        {
          "k": "run_id",
          "v": "19196786724"
        },
        {
          "k": "run_number",
          "v": "7"
        },
        {
          "k": "retention_days",
          "v": "90"
        },
        {
          "k": "run_attempt",
          "v": "1"
        },
        {
          "k": "artifact_cache_size_limit",
          "v": "10"
        },
        {
          "k": "repository_visibility",
          "v": "public"
        },
        {
          "k": "actor_id",
          "v": "183346137"
        },
        {
          "k": "actor",
          "v": "xy-050"
        },
        {
          "k": "workflow",
          "v": "CD Pipeline"
        },
        {
          "k": "head_ref",
          "v": ""
        },
        {
          "k": "base_ref",
          "v": ""
        },
        {
          "k": "event_name",
          "v": "workflow_run"
        },
        {
          "k": "server_url",
          "v": "https://github.com"
        },
        {
          "k": "api_url",
          "v": "https://api.github.com"
        },
        {
          "k": "graphql_url",
          "v": "https://api.github.com/graphql"
        },
        {
          "k": "ref_name",
          "v": "main"
        },
        {
          "k": "ref_protected",
          "v": false
        },
        {
          "k": "ref_type",
          "v": "branch"
        },
        {
          "k": "secret_source",
          "v": "Actions"
        },
        {
          "k": "event",
          "v": {
            "t": 2,
            "d": [
              {
                "k": "action",
                "v": "completed"
              },
              {
                "k": "repository",
                "v": {
                  "t": 2,
                  "d": [
                    {
                      "k": "allow_forking",
                      "v": true
                    },
                    {
                      "k": "archive_url",
                      "v": "https://api.github.com/repos/xy-050/CSD/{archive_format}{/ref}"
                    },
                    {
                      "k": "archived",
                      "v": false
                    },
                    {
                      "k": "assignees_url",
                      "v": "https://api.github.com/repos/xy-050/CSD/assignees{/user}"
                    },
                    {
                      "k": "blobs_url",
                      "v": "https://api.github.com/repos/xy-050/CSD/git/blobs{/sha}"
                    },
                    {
                      "k": "branches_url",
                      "v": "https://api.github.com/repos/xy-050/CSD/branches{/branch}"
                    },
                    {
                      "k": "clone_url",
                      "v": "https://github.com/xy-050/CSD.git"
                    },
                    {
                      "k": "collaborators_url",
                      "v": "https://api.github.com/repos/xy-050/CSD/collaborators{/collaborator}"
                    },
                    {
                      "k": "comments_url",
                      "v": "https://api.github.com/repos/xy-050/CSD/comments{/number}"
                    },
                    {
                      "k": "commits_url",
                      "v": "https://api.github.com/repos/xy-050/CSD/commits{/sha}"
                    },
                    {
                      "k": "compare_url",
                      "v": "https://api.github.com/repos/xy-050/CSD/compare/{base}...{head}"
                    },
                    {
                      "k": "contents_url",
                      "v": "https://api.github.com/repos/xy-050/CSD/contents/{+path}"
                    },
                    {
                      "k": "contributors_url",
                      "v": "https://api.github.com/repos/xy-050/CSD/contributors"
                    },
                    {
                      "k": "created_at",
                      "v": "2025-08-28T07:46:06Z"
                    },
                    {
                      "k": "default_branch",
                      "v": "main"
                    },
                    {
                      "k": "deployments_url",
                      "v": "https://api.github.com/repos/xy-050/CSD/deployments"
                    },
                    {
                      "k": "description",
                      "v": null
                    },
                    {
                      "k": "disabled",
                      "v": false
                    },
                    {
                      "k": "downloads_url",
                      "v": "https://api.github.com/repos/xy-050/CSD/downloads"
                    },
                    {
                      "k": "events_url",
                      "v": "https://api.github.com/repos/xy-050/CSD/events"
                    },
                    {
                      "k": "fork",
                      "v": false
                    },
                    {
                      "k": "forks",
                      "v": 0.0
                    },
                    {
                      "k": "forks_count",
                      "v": 0.0
                    },
                    {
                      "k": "forks_url",
                      "v": "https://api.github.com/repos/xy-050/CSD/forks"
                    },
                    {
                      "k": "full_name",
                      "v": "xy-050/CSD"
                    },
                    {
                      "k": "git_commits_url",
                      "v": "https://api.github.com/repos/xy-050/CSD/git/commits{/sha}"
                    },
                    {
                      "k": "git_refs_url",
                      "v": "https://api.github.com/repos/xy-050/CSD/git/refs{/sha}"
                    },
                    {
                      "k": "git_tags_url",
                      "v": "https://api.github.com/repos/xy-050/CSD/git/tags{/sha}"
                    },
                    {
                      "k": "git_url",
                      "v": "git://github.com/xy-050/CSD.git"
                    },
                    {
                      "k": "has_discussions",
                      "v": false
                    },
                    {
                      "k": "has_downloads",
                      "v": true
                    },
                    {
                      "k": "has_issues",
                      "v": true
                    },
                    {
                      "k": "has_pages",
                      "v": false
                    },
                    {
                      "k": "has_projects",
                      "v": true
                    },
                    {
                      "k": "has_wiki",
                      "v": true
                    },
                    {
                      "k": "homepage",
                      "v": null
                    },
                    {
                      "k": "hooks_url",
                      "v": "https://api.github.com/repos/xy-050/CSD/hooks"
                    },
                    {
                      "k": "html_url",
                      "v": "https://github.com/xy-050/CSD"
                    },
                    {
                      "k": "id",
                      "v": 1046109772.0
                    },
                    {
                      "k": "is_template",
                      "v": false
                    },
                    {
                      "k": "issue_comment_url",
                      "v": "https://api.github.com/repos/xy-050/CSD/issues/comments{/number}"
                    },
                    {
                      "k": "issue_events_url",
                      "v": "https://api.github.com/repos/xy-050/CSD/issues/events{/number}"
                    },
                    {
                      "k": "issues_url",
                      "v": "https://api.github.com/repos/xy-050/CSD/issues{/number}"
                    },
                    {
                      "k": "keys_url",
                      "v": "https://api.github.com/repos/xy-050/CSD/keys{/key_id}"
                    },
                    {
                      "k": "labels_url",
                      "v": "https://api.github.com/repos/xy-050/CSD/labels{/name}"
                    },
                    {
                      "k": "language",
                      "v": "JavaScript"
                    },
                    {
                      "k": "languages_url",
                      "v": "https://api.github.com/repos/xy-050/CSD/languages"
                    },
                    {
                      "k": "license",
                      "v": null
                    },
                    {
                      "k": "merges_url",
                      "v": "https://api.github.com/repos/xy-050/CSD/merges"
                    },
                    {
                      "k": "milestones_url",
                      "v": "https://api.github.com/repos/xy-050/CSD/milestones{/number}"
                    },
                    {
                      "k": "mirror_url",
                      "v": null
                    },
                    {
                      "k": "name",
                      "v": "CSD"
                    },
                    {
                      "k": "node_id",
                      "v": "R_kgDOPlpeTA"
                    },
                    {
                      "k": "notifications_url",
                      "v": "https://api.github.com/repos/xy-050/CSD/notifications{?since,all,participating}"
                    },
                    {
                      "k": "open_issues",
                      "v": 0.0
                    },
                    {
                      "k": "open_issues_count",
                      "v": 0.0
                    },
                    {
                      "k": "owner",
                      "v": {
                        "t": 2,
                        "d": [
                          {
                            "k": "avatar_url",
                            "v": "https://avatars.githubusercontent.com/u/183346137?v=4"
                          },
                          {
                            "k": "events_url",
                            "v": "https://api.github.com/users/xy-050/events{/privacy}"
                          },
                          {
                            "k": "followers_url",
                            "v": "https://api.github.com/users/xy-050/followers"
                          },
                          {
                            "k": "following_url",
                            "v": "https://api.github.com/users/xy-050/following{/other_user}"
                          },
                          {
                            "k": "gists_url",
                            "v": "https://api.github.com/users/xy-050/gists{/gist_id}"
                          },
                          {
                            "k": "gravatar_id",
                            "v": ""
                          },
                          {
                            "k": "html_url",
                            "v": "https://github.com/xy-050"
                          },
                          {
                            "k": "id",
                            "v": 183346137.0
                          },
                          {
                            "k": "login",
                            "v": "xy-050"
                          },
                          {
                            "k": "node_id",
                            "v": "U_kgDOCu2j2Q"
                          },
                          {
                            "k": "organizations_url",
                            "v": "https://api.github.com/users/xy-050/orgs"
                          },
                          {
                            "k": "received_events_url",
                            "v": "https://api.github.com/users/xy-050/received_events"
                          },
                          {
                            "k": "repos_url",
                            "v": "https://api.github.com/users/xy-050/repos"
                          },
                          {
                            "k": "site_admin",
                            "v": false
                          },
                          {
                            "k": "starred_url",
                            "v": "https://api.github.com/users/xy-050/starred{/owner}{/repo}"
                          },
                          {
                            "k": "subscriptions_url",
                            "v": "https://api.github.com/users/xy-050/subscriptions"
                          },
                          {
                            "k": "type",
                            "v": "User"
                          },
                          {
                            "k": "url",
                            "v": "https://api.github.com/users/xy-050"
                          },
                          {
                            "k": "user_view_type",
                            "v": "public"
                          }
                        ]
                      }
                    },
                    {
                      "k": "private",
                      "v": false
                    },
                    {
                      "k": "pulls_url",
                      "v": "https://api.github.com/repos/xy-050/CSD/pulls{/number}"
                    },
                    {
                      "k": "pushed_at",
                      "v": "2025-11-08T18:15:07Z"
                    },
                    {
                      "k": "releases_url",
                      "v": "https://api.github.com/repos/xy-050/CSD/releases{/id}"
                    },
                    {
                      "k": "size",
                      "v": 39026.0
                    },
                    {
                      "k": "ssh_url",
                      "v": "git@github.com:xy-050/CSD.git"
                    },
                    {
                      "k": "stargazers_count",
                      "v": 0.0
                    },
                    {
                      "k": "stargazers_url",
                      "v": "https://api.github.com/repos/xy-050/CSD/stargazers"
                    },
                    {
                      "k": "statuses_url",
                      "v": "https://api.github.com/repos/xy-050/CSD/statuses/{sha}"
                    },
                    {
                      "k": "subscribers_url",
                      "v": "https://api.github.com/repos/xy-050/CSD/subscribers"
                    },
                    {
                      "k": "subscription_url",
                      "v": "https://api.github.com/repos/xy-050/CSD/subscription"
                    },
                    {
                      "k": "svn_url",
                      "v": "https://github.com/xy-050/CSD"
                    },
                    {
                      "k": "tags_url",
                      "v": "https://api.github.com/repos/xy-050/CSD/tags"
                    },
                    {
                      "k": "teams_url",
                      "v": "https://api.github.com/repos/xy-050/CSD/teams"
                    },
                    {
                      "k": "topics",
                      "v": {
                        "t": 1
                      }
                    },
                    {
                      "k": "trees_url",
                      "v": "https://api.github.com/repos/xy-050/CSD/git/trees{/sha}"
                    },
                    {
                      "k": "updated_at",
                      "v": "2025-11-08T18:15:11Z"
                    },
                    {
                      "k": "url",
                      "v": "https://api.github.com/repos/xy-050/CSD"
                    },
                    {
                      "k": "visibility",
                      "v": "public"
                    },
                    {
                      "k": "watchers",
                      "v": 0.0
                    },
                    {
                      "k": "watchers_count",
                      "v": 0.0
                    },
                    {
                      "k": "web_commit_signoff_required",
                      "v": false
                    }
                  ]
                }
              },
              {
                "k": "sender",
                "v": {
                  "t": 2,
                  "d": [
                    {
                      "k": "avatar_url",
                      "v": "https://avatars.githubusercontent.com/u/183346137?v=4"
                    },
                    {
                      "k": "events_url",
                      "v": "https://api.github.com/users/xy-050/events{/privacy}"
                    },
                    {
                      "k": "followers_url",
                      "v": "https://api.github.com/users/xy-050/followers"
                    },
                    {
                      "k": "following_url",
                      "v": "https://api.github.com/users/xy-050/following{/other_user}"
                    },
                    {
                      "k": "gists_url",
                      "v": "https://api.github.com/users/xy-050/gists{/gist_id}"
                    },
                    {
                      "k": "gravatar_id",
                      "v": ""
                    },
                    {
                      "k": "html_url",
                      "v": "https://github.com/xy-050"
                    },
                    {
                      "k": "id",
                      "v": 183346137.0
                    },
                    {
                      "k": "login",
                      "v": "xy-050"
                    },
                    {
                      "k": "node_id",
                      "v": "U_kgDOCu2j2Q"
                    },
                    {
                      "k": "organizations_url",
                      "v": "https://api.github.com/users/xy-050/orgs"
                    },
                    {
                      "k": "received_events_url",
                      "v": "https://api.github.com/users/xy-050/received_events"
                    },
                    {
                      "k": "repos_url",
                      "v": "https://api.github.com/users/xy-050/repos"
                    },
                    {
                      "k": "site_admin",
                      "v": false
                    },
                    {
                      "k": "starred_url",
                      "v": "https://api.github.com/users/xy-050/starred{/owner}{/repo}"
                    },
                    {
                      "k": "subscriptions_url",
                      "v": "https://api.github.com/users/xy-050/subscriptions"
                    },
                    {
                      "k": "type",
                      "v": "User"
                    },
                    {
                      "k": "url",
                      "v": "https://api.github.com/users/xy-050"
                    },
                    {
                      "k": "user_view_type",
                      "v": "public"
                    }
                  ]
                }
              },
              {
                "k": "workflow",
                "v": {
                  "t": 2,
                  "d": [
                    {
                      "k": "badge_url",
                      "v": "https://github.com/xy-050/CSD/workflows/CI%20Pipeline/badge.svg"
                    },
                    {
                      "k": "created_at",
                      "v": "2025-11-05T17:01:22.000Z"
                    },
                    {
                      "k": "html_url",
                      "v": "https://github.com/xy-050/CSD/blob/main/.github/workflows/ci.yml"
                    },
                    {
                      "k": "id",
                      "v": 204248826.0
                    },
                    {
                      "k": "name",
                      "v": "CI Pipeline"
                    },
                    {
                      "k": "node_id",
                      "v": "W_kwDOPlpeTM4MLJb6"
                    },
                    {
                      "k": "path",
                      "v": ".github/workflows/ci.yml"
                    },
                    {
                      "k": "state",
                      "v": "active"
                    },
                    {
                      "k": "updated_at",
                      "v": "2025-11-08T17:21:01.000Z"
                    },
                    {
                      "k": "url",
                      "v": "https://api.github.com/repos/xy-050/CSD/actions/workflows/204248826"
                    }
                  ]
                }
              },
              {
                "k": "workflow_run",
                "v": {
                  "t": 2,
                  "d": [
                    {
                      "k": "actor",
                      "v": {
                        "t": 2,
                        "d": [
                          {
                            "k": "avatar_url",
                            "v": "https://avatars.githubusercontent.com/u/183346137?v=4"
                          },
                          {
                            "k": "events_url",
                            "v": "https://api.github.com/users/xy-050/events{/privacy}"
                          },
                          {
                            "k": "followers_url",
                            "v": "https://api.github.com/users/xy-050/followers"
                          },
                          {
                            "k": "following_url",
                            "v": "https://api.github.com/users/xy-050/following{/other_user}"
                          },
                          {
                            "k": "gists_url",
                            "v": "https://api.github.com/users/xy-050/gists{/gist_id}"
                          },
                          {
                            "k": "gravatar_id",
                            "v": ""
                          },
                          {
                            "k": "html_url",
                            "v": "https://github.com/xy-050"
                          },
                          {
                            "k": "id",
                            "v": 183346137.0
                          },
                          {
                            "k": "login",
                            "v": "xy-050"
                          },
                          {
                            "k": "node_id",
                            "v": "U_kgDOCu2j2Q"
                          },
                          {
                            "k": "organizations_url",
                            "v": "https://api.github.com/users/xy-050/orgs"
                          },
                          {
                            "k": "received_events_url",
                            "v": "https://api.github.com/users/xy-050/received_events"
                          },
                          {
                            "k": "repos_url",
                            "v": "https://api.github.com/users/xy-050/repos"
                          },
                          {
                            "k": "site_admin",
                            "v": false
                          },
                          {
                            "k": "starred_url",
                            "v": "https://api.github.com/users/xy-050/starred{/owner}{/repo}"
                          },
                          {
                            "k": "subscriptions_url",
                            "v": "https://api.github.com/users/xy-050/subscriptions"
                          },
                          {
                            "k": "type",
                            "v": "User"
                          },
                          {
                            "k": "url",
                            "v": "https://api.github.com/users/xy-050"
                          },
                          {
                            "k": "user_view_type",
                            "v": "public"
                          }
                        ]
                      }
                    },
                    {
                      "k": "artifacts_url",
                      "v": "https://api.github.com/repos/xy-050/CSD/actions/runs/19196766545/artifacts"
                    },
                    {
                      "k": "cancel_url",
                      "v": "https://api.github.com/repos/xy-050/CSD/actions/runs/19196766545/cancel"
                    },
                    {
                      "k": "check_suite_id",
                      "v": 49457663890.0
                    },
                    {
                      "k": "check_suite_node_id",
                      "v": "CS_kwDOPlpeTM8AAAALg-gPkg"
                    },
                    {
                      "k": "check_suite_url",
                      "v": "https://api.github.com/repos/xy-050/CSD/check-suites/49457663890"
                    },
                    {
                      "k": "conclusion",
                      "v": "success"
                    },
                    {
                      "k": "created_at",
                      "v": "2025-11-08T18:15:09Z"
                    },
                    {
                      "k": "display_title",
                      "v": "cd"
                    },
                    {
                      "k": "event",
                      "v": "push"
                    },
                    {
                      "k": "head_branch",
                      "v": "main"
                    },
                    {
                      "k": "head_commit",
                      "v": {
                        "t": 2,
                        "d": [
                          {
                            "k": "author",
                            "v": {
                              "t": 2,
                              "d": [
                                {
                                  "k": "email",
                                  "v": "sapphire32181@gmail.com"
                                },
                                {
                                  "k": "name",
                                  "v": "xy-050"
                                }
                              ]
                            }
                          },
                          {
                            "k": "committer",
                            "v": {
                              "t": 2,
                              "d": [
                                {
                                  "k": "email",
                                  "v": "sapphire32181@gmail.com"
                                },
                                {
                                  "k": "name",
                                  "v": "xy-050"
                                }
                              ]
                            }
                          },
                          {
                            "k": "id",
                            "v": "170e6d73778f803792c232f562d5077a569fa478"
                          },
                          {
                            "k": "message",
                            "v": "cd"
                          },
                          {
                            "k": "timestamp",
                            "v": "2025-11-08T18:14:56Z"
                          },
                          {
                            "k": "tree_id",
                            "v": "63ef87ce1c241973b1152ce86780a3b3d79a2cf9"
                          }
                        ]
                      }
                    },
                    {
                      "k": "head_repository",
                      "v": {
                        "t": 2,
                        "d": [
                          {
                            "k": "archive_url",
                            "v": "https://api.github.com/repos/xy-050/CSD/{archive_format}{/ref}"
                          },
                          {
                            "k": "assignees_url",
                            "v": "https://api.github.com/repos/xy-050/CSD/assignees{/user}"
                          },
                          {
                            "k": "blobs_url",
                            "v": "https://api.github.com/repos/xy-050/CSD/git/blobs{/sha}"
                          },
                          {
                            "k": "branches_url",
                            "v": "https://api.github.com/repos/xy-050/CSD/branches{/branch}"
                          },
                          {
                            "k": "collaborators_url",
                            "v": "https://api.github.com/repos/xy-050/CSD/collaborators{/collaborator}"
                          },
                          {
                            "k": "comments_url",
                            "v": "https://api.github.com/repos/xy-050/CSD/comments{/number}"
                          },
                          {
                            "k": "commits_url",
                            "v": "https://api.github.com/repos/xy-050/CSD/commits{/sha}"
                          },
                          {
                            "k": "compare_url",
                            "v": "https://api.github.com/repos/xy-050/CSD/compare/{base}...{head}"
                          },
                          {
                            "k": "contents_url",
                            "v": "https://api.github.com/repos/xy-050/CSD/contents/{+path}"
                          },
                          {
                            "k": "contributors_url",
                            "v": "https://api.github.com/repos/xy-050/CSD/contributors"
                          },
                          {
                            "k": "deployments_url",
                            "v": "https://api.github.com/repos/xy-050/CSD/deployments"
                          },
                          {
                            "k": "description",
                            "v": null
                          },
                          {
                            "k": "downloads_url",
                            "v": "https://api.github.com/repos/xy-050/CSD/downloads"
                          },
                          {
                            "k": "events_url",
                            "v": "https://api.github.com/repos/xy-050/CSD/events"
                          },
                          {
                            "k": "fork",
                            "v": false
                          },
                          {
                            "k": "forks_url",
                            "v": "https://api.github.com/repos/xy-050/CSD/forks"
                          },
                          {
                            "k": "full_name",
                            "v": "xy-050/CSD"
                          },
                          {
                            "k": "git_commits_url",
                            "v": "https://api.github.com/repos/xy-050/CSD/git/commits{/sha}"
                          },
                          {
                            "k": "git_refs_url",
                            "v": "https://api.github.com/repos/xy-050/CSD/git/refs{/sha}"
                          },
                          {
                            "k": "git_tags_url",
                            "v": "https://api.github.com/repos/xy-050/CSD/git/tags{/sha}"
                          },
                          {
                            "k": "hooks_url",
                            "v": "https://api.github.com/repos/xy-050/CSD/hooks"
                          },
                          {
                            "k": "html_url",
                            "v": "https://github.com/xy-050/CSD"
                          },
                          {
                            "k": "id",
                            "v": 1046109772.0
                          },
                          {
                            "k": "issue_comment_url",
                            "v": "https://api.github.com/repos/xy-050/CSD/issues/comments{/number}"
                          },
                          {
                            "k": "issue_events_url",
                            "v": "https://api.github.com/repos/xy-050/CSD/issues/events{/number}"
                          },
                          {
                            "k": "issues_url",
                            "v": "https://api.github.com/repos/xy-050/CSD/issues{/number}"
                          },
                          {
                            "k": "keys_url",
                            "v": "https://api.github.com/repos/xy-050/CSD/keys{/key_id}"
                          },
                          {
                            "k": "labels_url",
                            "v": "https://api.github.com/repos/xy-050/CSD/labels{/name}"
                          },
                          {
                            "k": "languages_url",
                            "v": "https://api.github.com/repos/xy-050/CSD/languages"
                          },
                          {
                            "k": "merges_url",
                            "v": "https://api.github.com/repos/xy-050/CSD/merges"
                          },
                          {
                            "k": "milestones_url",
                            "v": "https://api.github.com/repos/xy-050/CSD/milestones{/number}"
                          },
                          {
                            "k": "name",
                            "v": "CSD"
                          },
                          {
                            "k": "node_id",
                            "v": "R_kgDOPlpeTA"
                          },
                          {
                            "k": "notifications_url",
                            "v": "https://api.github.com/repos/xy-050/CSD/notifications{?since,all,participating}"
                          },
                          {
                            "k": "owner",
                            "v": {
                              "t": 2,
                              "d": [
                                {
                                  "k": "avatar_url",
                                  "v": "https://avatars.githubusercontent.com/u/183346137?v=4"
                                },
                                {
                                  "k": "events_url",
                                  "v": "https://api.github.com/users/xy-050/events{/privacy}"
                                },
                                {
                                  "k": "followers_url",
                                  "v": "https://api.github.com/users/xy-050/followers"
                                },
                                {
                                  "k": "following_url",
                                  "v": "https://api.github.com/users/xy-050/following{/other_user}"
                                },
                                {
                                  "k": "gists_url",
                                  "v": "https://api.github.com/users/xy-050/gists{/gist_id}"
                                },
                                {
                                  "k": "gravatar_id",
                                  "v": ""
                                },
                                {
                                  "k": "html_url",
                                  "v": "https://github.com/xy-050"
                                },
                                {
                                  "k": "id",
                                  "v": 183346137.0
                                },
                                {
                                  "k": "login",
                                  "v": "xy-050"
                                },
                                {
                                  "k": "node_id",
                                  "v": "U_kgDOCu2j2Q"
                                },
                                {
                                  "k": "organizations_url",
                                  "v": "https://api.github.com/users/xy-050/orgs"
                                },
                                {
                                  "k": "received_events_url",
                                  "v": "https://api.github.com/users/xy-050/received_events"
                                },
                                {
                                  "k": "repos_url",
                                  "v": "https://api.github.com/users/xy-050/repos"
                                },
                                {
                                  "k": "site_admin",
                                  "v": false
                                },
                                {
                                  "k": "starred_url",
                                  "v": "https://api.github.com/users/xy-050/starred{/owner}{/repo}"
                                },
                                {
                                  "k": "subscriptions_url",
                                  "v": "https://api.github.com/users/xy-050/subscriptions"
                                },
                                {
                                  "k": "type",
                                  "v": "User"
                                },
                                {
                                  "k": "url",
                                  "v": "https://api.github.com/users/xy-050"
                                },
                                {
                                  "k": "user_view_type",
                                  "v": "public"
                                }
                              ]
                            }
                          },
                          {
                            "k": "private",
                            "v": false
                          },
                          {
                            "k": "pulls_url",
                            "v": "https://api.github.com/repos/xy-050/CSD/pulls{/number}"
                          },
                          {
                            "k": "releases_url",
                            "v": "https://api.github.com/repos/xy-050/CSD/releases{/id}"
                          },
                          {
                            "k": "stargazers_url",
                            "v": "https://api.github.com/repos/xy-050/CSD/stargazers"
                          },
                          {
                            "k": "statuses_url",
                            "v": "https://api.github.com/repos/xy-050/CSD/statuses/{sha}"
                          },
                          {
                            "k": "subscribers_url",
                            "v": "https://api.github.com/repos/xy-050/CSD/subscribers"
                          },
                          {
                            "k": "subscription_url",
                            "v": "https://api.github.com/repos/xy-050/CSD/subscription"
                          },
                          {
                            "k": "tags_url",
                            "v": "https://api.github.com/repos/xy-050/CSD/tags"
                          },
                          {
                            "k": "teams_url",
                            "v": "https://api.github.com/repos/xy-050/CSD/teams"
                          },
                          {
                            "k": "trees_url",
                            "v": "https://api.github.com/repos/xy-050/CSD/git/trees{/sha}"
                          },
                          {
                            "k": "url",
                            "v": "https://api.github.com/repos/xy-050/CSD"
                          }
                        ]
                      }
                    },
                    {
                      "k": "head_sha",
                      "v": "170e6d73778f803792c232f562d5077a569fa478"
                    },
                    {
                      "k": "html_url",
                      "v": "https://github.com/xy-050/CSD/actions/runs/19196766545"
                    },
                    {
                      "k": "id",
                      "v": 19196766545.0
                    },
                    {
                      "k": "jobs_url",
                      "v": "https://api.github.com/repos/xy-050/CSD/actions/runs/19196766545/jobs"
                    },
                    {
                      "k": "logs_url",
                      "v": "https://api.github.com/repos/xy-050/CSD/actions/runs/19196766545/logs"
                    },
                    {
                      "k": "name",
                      "v": "CI Pipeline"
                    },
                    {
                      "k": "node_id",
                      "v": "WFR_kwLOPlpeTM8AAAAEeDdpUQ"
                    },
                    {
                      "k": "path",
                      "v": ".github/workflows/ci.yml"
                    },
                    {
                      "k": "previous_attempt_url",
                      "v": null
                    },
                    {
                      "k": "pull_requests",
                      "v": {
                        "t": 1
                      }
                    },
                    {
                      "k": "referenced_workflows",
                      "v": {
                        "t": 1
                      }
                    },
                    {
                      "k": "repository",
                      "v": {
                        "t": 2,
                        "d": [
                          {
                            "k": "archive_url",
                            "v": "https://api.github.com/repos/xy-050/CSD/{archive_format}{/ref}"
                          },
                          {
                            "k": "assignees_url",
                            "v": "https://api.github.com/repos/xy-050/CSD/assignees{/user}"
                          },
                          {
                            "k": "blobs_url",
                            "v": "https://api.github.com/repos/xy-050/CSD/git/blobs{/sha}"
                          },
                          {
                            "k": "branches_url",
                            "v": "https://api.github.com/repos/xy-050/CSD/branches{/branch}"
                          },
                          {
                            "k": "collaborators_url",
                            "v": "https://api.github.com/repos/xy-050/CSD/collaborators{/collaborator}"
                          },
                          {
                            "k": "comments_url",
                            "v": "https://api.github.com/repos/xy-050/CSD/comments{/number}"
                          },
                          {
                            "k": "commits_url",
                            "v": "https://api.github.com/repos/xy-050/CSD/commits{/sha}"
                          },
                          {
                            "k": "compare_url",
                            "v": "https://api.github.com/repos/xy-050/CSD/compare/{base}...{head}"
                          },
                          {
                            "k": "contents_url",
                            "v": "https://api.github.com/repos/xy-050/CSD/contents/{+path}"
                          },
                          {
                            "k": "contributors_url",
                            "v": "https://api.github.com/repos/xy-050/CSD/contributors"
                          },
                          {
                            "k": "deployments_url",
                            "v": "https://api.github.com/repos/xy-050/CSD/deployments"
                          },
                          {
                            "k": "description",
                            "v": null
                          },
                          {
                            "k": "downloads_url",
                            "v": "https://api.github.com/repos/xy-050/CSD/downloads"
                          },
                          {
                            "k": "events_url",
                            "v": "https://api.github.com/repos/xy-050/CSD/events"
                          },
                          {
                            "k": "fork",
                            "v": false
                          },
                          {
                            "k": "forks_url",
                            "v": "https://api.github.com/repos/xy-050/CSD/forks"
                          },
                          {
                            "k": "full_name",
                            "v": "xy-050/CSD"
                          },
                          {
                            "k": "git_commits_url",
                            "v": "https://api.github.com/repos/xy-050/CSD/git/commits{/sha}"
                          },
                          {
                            "k": "git_refs_url",
                            "v": "https://api.github.com/repos/xy-050/CSD/git/refs{/sha}"
                          },
                          {
                            "k": "git_tags_url",
                            "v": "https://api.github.com/repos/xy-050/CSD/git/tags{/sha}"
                          },
                          {
                            "k": "hooks_url",
                            "v": "https://api.github.com/repos/xy-050/CSD/hooks"
                          },
                          {
                            "k": "html_url",
                            "v": "https://github.com/xy-050/CSD"
                          },
                          {
                            "k": "id",
                            "v": 1046109772.0
                          },
                          {
                            "k": "issue_comment_url",
                            "v": "https://api.github.com/repos/xy-050/CSD/issues/comments{/number}"
                          },
                          {
                            "k": "issue_events_url",
                            "v": "https://api.github.com/repos/xy-050/CSD/issues/events{/number}"
                          },
                          {
                            "k": "issues_url",
                            "v": "https://api.github.com/repos/xy-050/CSD/issues{/number}"
                          },
                          {
                            "k": "keys_url",
                            "v": "https://api.github.com/repos/xy-050/CSD/keys{/key_id}"
                          },
                          {
                            "k": "labels_url",
                            "v": "https://api.github.com/repos/xy-050/CSD/labels{/name}"
                          },
                          {
                            "k": "languages_url",
                            "v": "https://api.github.com/repos/xy-050/CSD/languages"
                          },
                          {
                            "k": "merges_url",
                            "v": "https://api.github.com/repos/xy-050/CSD/merges"
                          },
                          {
                            "k": "milestones_url",
                            "v": "https://api.github.com/repos/xy-050/CSD/milestones{/number}"
                          },
                          {
                            "k": "name",
                            "v": "CSD"
                          },
                          {
                            "k": "node_id",
                            "v": "R_kgDOPlpeTA"
                          },
                          {
                            "k": "notifications_url",
                            "v": "https://api.github.com/repos/xy-050/CSD/notifications{?since,all,participating}"
                          },
                          {
                            "k": "owner",
                            "v": {
                              "t": 2,
                              "d": [
                                {
                                  "k": "avatar_url",
                                  "v": "https://avatars.githubusercontent.com/u/183346137?v=4"
                                },
                                {
                                  "k": "events_url",
                                  "v": "https://api.github.com/users/xy-050/events{/privacy}"
                                },
                                {
                                  "k": "followers_url",
                                  "v": "https://api.github.com/users/xy-050/followers"
                                },
                                {
                                  "k": "following_url",
                                  "v": "https://api.github.com/users/xy-050/following{/other_user}"
                                },
                                {
                                  "k": "gists_url",
                                  "v": "https://api.github.com/users/xy-050/gists{/gist_id}"
                                },
                                {
                                  "k": "gravatar_id",
                                  "v": ""
                                },
                                {
                                  "k": "html_url",
                                  "v": "https://github.com/xy-050"
                                },
                                {
                                  "k": "id",
                                  "v": 183346137.0
                                },
                                {
                                  "k": "login",
                                  "v": "xy-050"
                                },
                                {
                                  "k": "node_id",
                                  "v": "U_kgDOCu2j2Q"
                                },
                                {
                                  "k": "organizations_url",
                                  "v": "https://api.github.com/users/xy-050/orgs"
                                },
                                {
                                  "k": "received_events_url",
                                  "v": "https://api.github.com/users/xy-050/received_events"
                                },
                                {
                                  "k": "repos_url",
                                  "v": "https://api.github.com/users/xy-050/repos"
                                },
                                {
                                  "k": "site_admin",
                                  "v": false
                                },
                                {
                                  "k": "starred_url",
                                  "v": "https://api.github.com/users/xy-050/starred{/owner}{/repo}"
                                },
                                {
                                  "k": "subscriptions_url",
                                  "v": "https://api.github.com/users/xy-050/subscriptions"
                                },
                                {
                                  "k": "type",
                                  "v": "User"
                                },
                                {
                                  "k": "url",
                                  "v": "https://api.github.com/users/xy-050"
                                },
                                {
                                  "k": "user_view_type",
                                  "v": "public"
                                }
                              ]
                            }
                          },
                          {
                            "k": "private",
                            "v": false
                          },
                          {
                            "k": "pulls_url",
                            "v": "https://api.github.com/repos/xy-050/CSD/pulls{/number}"
                          },
                          {
                            "k": "releases_url",
                            "v": "https://api.github.com/repos/xy-050/CSD/releases{/id}"
                          },
                          {
                            "k": "stargazers_url",
                            "v": "https://api.github.com/repos/xy-050/CSD/stargazers"
                          },
                          {
                            "k": "statuses_url",
                            "v": "https://api.github.com/repos/xy-050/CSD/statuses/{sha}"
                          },
                          {
                            "k": "subscribers_url",
                            "v": "https://api.github.com/repos/xy-050/CSD/subscribers"
                          },
                          {
                            "k": "subscription_url",
                            "v": "https://api.github.com/repos/xy-050/CSD/subscription"
                          },
                          {
                            "k": "tags_url",
                            "v": "https://api.github.com/repos/xy-050/CSD/tags"
                          },
                          {
                            "k": "teams_url",
                            "v": "https://api.github.com/repos/xy-050/CSD/teams"
                          },
                          {
                            "k": "trees_url",
                            "v": "https://api.github.com/repos/xy-050/CSD/git/trees{/sha}"
                          },
                          {
                            "k": "url",
                            "v": "https://api.github.com/repos/xy-050/CSD"
                          }
                        ]
                      }
                    },
                    {
                      "k": "rerun_url",
                      "v": "https://api.github.com/repos/xy-050/CSD/actions/runs/19196766545/rerun"
                    },
                    {
                      "k": "run_attempt",
                      "v": 1.0
                    },
                    {
                      "k": "run_number",
                      "v": 24.0
                    },
                    {
                      "k": "run_started_at",
                      "v": "2025-11-08T18:15:09Z"
                    },
                    {
                      "k": "status",
                      "v": "completed"
                    },
                    {
                      "k": "triggering_actor",
                      "v": {
                        "t": 2,
                        "d": [
                          {
                            "k": "avatar_url",
                            "v": "https://avatars.githubusercontent.com/u/183346137?v=4"
                          },
                          {
                            "k": "events_url",
                            "v": "https://api.github.com/users/xy-050/events{/privacy}"
                          },
                          {
                            "k": "followers_url",
                            "v": "https://api.github.com/users/xy-050/followers"
                          },
                          {
                            "k": "following_url",
                            "v": "https://api.github.com/users/xy-050/following{/other_user}"
                          },
                          {
                            "k": "gists_url",
                            "v": "https://api.github.com/users/xy-050/gists{/gist_id}"
                          },
                          {
                            "k": "gravatar_id",
                            "v": ""
                          },
                          {
                            "k": "html_url",
                            "v": "https://github.com/xy-050"
                          },
                          {
                            "k": "id",
                            "v": 183346137.0
                          },
                          {
                            "k": "login",
                            "v": "xy-050"
                          },
                          {
                            "k": "node_id",
                            "v": "U_kgDOCu2j2Q"
                          },
                          {
                            "k": "organizations_url",
                            "v": "https://api.github.com/users/xy-050/orgs"
                          },
                          {
                            "k": "received_events_url",
                            "v": "https://api.github.com/users/xy-050/received_events"
                          },
                          {
                            "k": "repos_url",
                            "v": "https://api.github.com/users/xy-050/repos"
                          },
                          {
                            "k": "site_admin",
                            "v": false
                          },
                          {
                            "k": "starred_url",
                            "v": "https://api.github.com/users/xy-050/starred{/owner}{/repo}"
                          },
                          {
                            "k": "subscriptions_url",
                            "v": "https://api.github.com/users/xy-050/subscriptions"
                          },
                          {
                            "k": "type",
                            "v": "User"
                          },
                          {
                            "k": "url",
                            "v": "https://api.github.com/users/xy-050"
                          },
                          {
                            "k": "user_view_type",
                            "v": "public"
                          }
                        ]
                      }
                    },
                    {
                      "k": "updated_at",
                      "v": "2025-11-08T18:16:49Z"
                    },
                    {
                      "k": "url",
                      "v": "https://api.github.com/repos/xy-050/CSD/actions/runs/19196766545"
                    },
                    {
                      "k": "workflow_id",
                      "v": 204248826.0
                    },
                    {
                      "k": "workflow_url",
                      "v": "https://api.github.com/repos/xy-050/CSD/actions/workflows/204248826"
                    }
                  ]
                }
              }
            ]
          }
        },
        {
          "k": "workflow_ref",
          "v": "xy-050/CSD/.github/workflows/cd.yml@refs/heads/main"
        },
        {
          "k": "workflow_sha",
          "v": "170e6d73778f803792c232f562d5077a569fa478"
        },
        {
          "k": "repository_id",
          "v": "1046109772"
        },
        {
          "k": "triggering_actor",
          "v": "xy-050"
        }
      ]
    },
    "inputs": {
      "t": 2
    },
    "job": {
      "t": 2,
      "d": [
        {
          "k": "check_run_id",
          "v": 54878928952.0
        }
      ]
    },
    "matrix": null,
    "needs": {
      "t": 2
    },
    "strategy": {
      "t": 2,
      "d": [
        {
          "k": "fail-fast",
          "v": true
        },
        {
          "k": "job-index",
          "v": 0.0
        },
        {
          "k": "job-total",
          "v": 1.0
        },
        {
          "k": "max-parallel",
          "v": 1.0
        }
      ]
    },
    "vars": {
      "t": 2
    }
  },
  "billingOwnerId": "U_kgDOCu2j2Q"
}
[2025-11-08 18:16:57Z INFO JobRunner] Job ID 78892c74-f488-5a9b-8173-b671d86d4e3c
[2025-11-08 18:16:57Z INFO ConfigurationStore] currentAssemblyLocation: C:\Users\sapph\OneDrive\Documents\cs105\CSD\actions-runner\bin\Runner.Worker.dll
[2025-11-08 18:16:57Z INFO HostContext] Well known directory 'Bin': 'C:\Users\sapph\OneDrive\Documents\cs105\CSD\actions-runner\bin'
[2025-11-08 18:16:57Z INFO ConfigurationStore] binPath: C:\Users\sapph\OneDrive\Documents\cs105\CSD\actions-runner\bin
[2025-11-08 18:16:57Z INFO HostContext] Well known directory 'Bin': 'C:\Users\sapph\OneDrive\Documents\cs105\CSD\actions-runner\bin'
[2025-11-08 18:16:57Z INFO HostContext] Well known directory 'Root': 'C:\Users\sapph\OneDrive\Documents\cs105\CSD\actions-runner'
[2025-11-08 18:16:57Z INFO ConfigurationStore] RootFolder: C:\Users\sapph\OneDrive\Documents\cs105\CSD\actions-runner
[2025-11-08 18:16:57Z INFO HostContext] Well known directory 'Bin': 'C:\Users\sapph\OneDrive\Documents\cs105\CSD\actions-runner\bin'
[2025-11-08 18:16:57Z INFO HostContext] Well known directory 'Root': 'C:\Users\sapph\OneDrive\Documents\cs105\CSD\actions-runner'
[2025-11-08 18:16:57Z INFO HostContext] Well known config file 'Runner': 'C:\Users\sapph\OneDrive\Documents\cs105\CSD\actions-runner\.runner'
[2025-11-08 18:16:57Z INFO ConfigurationStore] ConfigFilePath: C:\Users\sapph\OneDrive\Documents\cs105\CSD\actions-runner\.runner
[2025-11-08 18:16:57Z INFO HostContext] Well known directory 'Bin': 'C:\Users\sapph\OneDrive\Documents\cs105\CSD\actions-runner\bin'
[2025-11-08 18:16:57Z INFO HostContext] Well known directory 'Root': 'C:\Users\sapph\OneDrive\Documents\cs105\CSD\actions-runner'
[2025-11-08 18:16:57Z INFO HostContext] Well known config file 'MigratedRunner': 'C:\Users\sapph\OneDrive\Documents\cs105\CSD\actions-runner\.runner_migrated'
[2025-11-08 18:16:57Z INFO ConfigurationStore] MigratedConfigFilePath: C:\Users\sapph\OneDrive\Documents\cs105\CSD\actions-runner\.runner_migrated
[2025-11-08 18:16:57Z INFO HostContext] Well known directory 'Bin': 'C:\Users\sapph\OneDrive\Documents\cs105\CSD\actions-runner\bin'
[2025-11-08 18:16:57Z INFO HostContext] Well known directory 'Root': 'C:\Users\sapph\OneDrive\Documents\cs105\CSD\actions-runner'
[2025-11-08 18:16:57Z INFO HostContext] Well known config file 'Credentials': 'C:\Users\sapph\OneDrive\Documents\cs105\CSD\actions-runner\.credentials'
[2025-11-08 18:16:57Z INFO ConfigurationStore] CredFilePath: C:\Users\sapph\OneDrive\Documents\cs105\CSD\actions-runner\.credentials
[2025-11-08 18:16:57Z INFO HostContext] Well known directory 'Bin': 'C:\Users\sapph\OneDrive\Documents\cs105\CSD\actions-runner\bin'
[2025-11-08 18:16:57Z INFO HostContext] Well known directory 'Root': 'C:\Users\sapph\OneDrive\Documents\cs105\CSD\actions-runner'
[2025-11-08 18:16:57Z INFO HostContext] Well known config file 'MigratedCredentials': 'C:\Users\sapph\OneDrive\Documents\cs105\CSD\actions-runner\.credentials_migrated'
[2025-11-08 18:16:57Z INFO ConfigurationStore] MigratedCredFilePath: C:\Users\sapph\OneDrive\Documents\cs105\CSD\actions-runner\.credentials_migrated
[2025-11-08 18:16:57Z INFO HostContext] Well known directory 'Bin': 'C:\Users\sapph\OneDrive\Documents\cs105\CSD\actions-runner\bin'
[2025-11-08 18:16:57Z INFO HostContext] Well known directory 'Root': 'C:\Users\sapph\OneDrive\Documents\cs105\CSD\actions-runner'
[2025-11-08 18:16:57Z INFO HostContext] Well known config file 'Service': 'C:\Users\sapph\OneDrive\Documents\cs105\CSD\actions-runner\.service'
[2025-11-08 18:16:57Z INFO ConfigurationStore] ServiceConfigFilePath: C:\Users\sapph\OneDrive\Documents\cs105\CSD\actions-runner\.service
[2025-11-08 18:16:57Z INFO ConfigurationStore] Read setting file: 385 chars
[2025-11-08 18:16:57Z INFO JobRunner] Initializing launch client
[2025-11-08 18:16:57Z INFO JobServerQueue] Initializing results client
[2025-11-08 18:16:57Z INFO ResultServer] Creating websocket client ...wss://results-receiver.actions.githubusercontent.com/_ws/ingest.sock
[2025-11-08 18:16:57Z INFO ResultServer] Attempting to start websocket client with delay 00:00:00.
[2025-11-08 18:16:57Z INFO JobServerQueue] Start process web console line queue.
[2025-11-08 18:16:57Z INFO JobServerQueue] Start process file upload queue.
[2025-11-08 18:16:57Z INFO JobServerQueue] Start results file upload queue.
[2025-11-08 18:16:57Z INFO JobServerQueue] Starting results-based upload queue...
[2025-11-08 18:16:57Z INFO JobServerQueue] Start process timeline update queue.
[2025-11-08 18:16:57Z INFO ExecutionContext] Initializing Job context
[2025-11-08 18:16:57Z INFO ExecutionContext] Initialize GitHub context
[2025-11-08 18:16:57Z INFO ExecutionContext] Initialize Env context
[2025-11-08 18:16:57Z INFO HostContext] Well known directory 'Bin': 'C:\Users\sapph\OneDrive\Documents\cs105\CSD\actions-runner\bin'
[2025-11-08 18:16:57Z INFO HostContext] Well known directory 'Root': 'C:\Users\sapph\OneDrive\Documents\cs105\CSD\actions-runner'
[2025-11-08 18:16:57Z INFO HostContext] Well known directory 'Diag': 'C:\Users\sapph\OneDrive\Documents\cs105\CSD\actions-runner\_diag'
[2025-11-08 18:16:57Z INFO HostContext] Well known directory 'Bin': 'C:\Users\sapph\OneDrive\Documents\cs105\CSD\actions-runner\bin'
[2025-11-08 18:16:57Z INFO HostContext] Well known directory 'Root': 'C:\Users\sapph\OneDrive\Documents\cs105\CSD\actions-runner'
[2025-11-08 18:16:57Z INFO HostContext] Well known directory 'Diag': 'C:\Users\sapph\OneDrive\Documents\cs105\CSD\actions-runner\_diag'
[2025-11-08 18:16:57Z INFO JobRunner] Starting the job execution context.
[2025-11-08 18:16:57Z INFO HostContext] Well known directory 'Bin': 'C:\Users\sapph\OneDrive\Documents\cs105\CSD\actions-runner\bin'
[2025-11-08 18:16:57Z INFO HostContext] Well known directory 'Root': 'C:\Users\sapph\OneDrive\Documents\cs105\CSD\actions-runner'
[2025-11-08 18:16:57Z INFO HostContext] Well known directory 'Work': 'C:\Users\sapph\OneDrive\Documents\cs105\CSD\actions-runner\run.cmd'
[2025-11-08 18:16:57Z INFO JobRunner] Validating directory permissions for: 'C:\Users\sapph\OneDrive\Documents\cs105\CSD\actions-runner\run.cmd'
[2025-11-08 18:16:57Z ERR  JobRunner] System.IO.IOException: Cannot create 'C:\Users\sapph\OneDrive\Documents\cs105\CSD\actions-runner\run.cmd' because a file or directory with the same name already exists.
   at System.IO.FileSystem.CreateDirectory(String fullPath, Byte[] securityDescriptor)
   at System.IO.Directory.CreateDirectory(String path)
   at GitHub.Runner.Worker.JobRunner.RunAsync(AgentJobRequestMessage message, CancellationToken jobRequestCancellationToken)
[2025-11-08 18:16:57Z INFO JobRunner] Shutting down the job server queue.
[2025-11-08 18:16:57Z INFO JobServerQueue] Fire signal to shutdown all queues.
[2025-11-08 18:16:57Z INFO Worker] Listening for cancel message from the channel.
[2025-11-08 18:16:57Z INFO Worker] Waiting for the job to complete or for a cancel message from the channel.
[2025-11-08 18:16:58Z INFO ResultServer] Successfully started websocket client.
[2025-11-08 18:16:58Z INFO JobServerQueue] All queue process task stopped.
[2025-11-08 18:16:58Z INFO JobServerQueue] Try to append 1 batches web console lines for record '78892c74-f488-5a9b-8173-b671d86d4e3c', success rate: 1/1.
[2025-11-08 18:16:58Z INFO JobServerQueue] Web console line queue drained.
[2025-11-08 18:16:58Z INFO JobServerQueue] Uploading 1 files in one shot.
[2025-11-08 18:16:58Z INFO JobServerQueue] Try to upload 1 log files or attachments, success rate: 1/1.
[2025-11-08 18:16:58Z INFO JobServerQueue] File upload queue drained.
[2025-11-08 18:16:58Z INFO JobServerQueue] Starting results-based upload queue...
[2025-11-08 18:16:58Z INFO JobServerQueue] Uploading 1 file(s) in one shot through results service.
[2025-11-08 18:16:58Z INFO JobServerQueue] Got a job log file to send to results service.
[2025-11-08 18:16:58Z INFO JobServerQueue] Starting upload of job log file to results service ResultsLog, C:\Users\sapph\OneDrive\Documents\cs105\CSD\actions-runner\_diag\blocks\2b72775e-91f9-4a25-8c35-7283775840f6_78892c74-f488-5a9b-8173-b671d86d4e3c.1
[2025-11-08 18:17:00Z INFO JobServerQueue] Tried to upload 1 file(s) to results, success rate: 1/1.
[2025-11-08 18:17:00Z INFO JobServerQueue] Results upload queue drained.
[2025-11-08 18:17:00Z INFO JobServerQueue] Job timeline record has been updated for the first time.
[2025-11-08 18:17:00Z INFO JobServerQueue] Timeline update queue drained.
[2025-11-08 18:17:00Z INFO JobServerQueue] Disposing job server ...
[2025-11-08 18:17:00Z INFO JobServerQueue] Disposing results server ...
[2025-11-08 18:17:00Z INFO JobServerQueue] All queue process tasks have been stopped, and all queues are drained.
[2025-11-08 18:17:00Z INFO HostContext] Well known directory 'Bin': 'C:\Users\sapph\OneDrive\Documents\cs105\CSD\actions-runner\bin'
[2025-11-08 18:17:00Z INFO HostContext] Well known directory 'Root': 'C:\Users\sapph\OneDrive\Documents\cs105\CSD\actions-runner'
[2025-11-08 18:17:00Z INFO HostContext] Well known directory 'Diag': 'C:\Users\sapph\OneDrive\Documents\cs105\CSD\actions-runner\_diag'
[2025-11-08 18:17:00Z INFO HostContext] Well known config file 'Telemetry': 'C:\Users\sapph\OneDrive\Documents\cs105\CSD\actions-runner\_diag\.telemetry'
[2025-11-08 18:17:00Z INFO JobRunner] Raising job completed against run service
[2025-11-08 18:17:01Z INFO Worker] Job completed.
